This is pdfTeX, Version 3.141592653-2.6-1.40.22 (TeX Live 2021) (preloaded format=pdflatex 2022.2.17)  22 JUN 2022 12:04
entering extended mode
 restricted \write18 enabled.
 %&-line parsing enabled.
**DP
(./DP
LaTeX2e <2020-10-01> patch level 4
L3 programming layer <2021-02-18> (./thesiskiv.cls
Document Class: thesiskiv 2016/03/14 Thesis at DCSE (KIV)
(/usr/local/texlive/2021/texmf-dist/tex/latex/base/report.cls
Document Class: report 2020/04/10 v1.4m Standard LaTeX document class
(/usr/local/texlive/2021/texmf-dist/tex/latex/base/size12.clo
File: size12.clo 2020/04/10 v1.4m Standard LaTeX file (size option)
)
\c@part=\count179
\c@chapter=\count180
\c@section=\count181
\c@subsection=\count182
\c@subsubsection=\count183
\c@paragraph=\count184
\c@subparagraph=\count185
\c@figure=\count186
\c@table=\count187
\abovecaptionskip=\skip47
\belowcaptionskip=\skip48
\bibindent=\dimen138
)
(/usr/local/texlive/2021/texmf-dist/tex/latex/lm/lmodern.sty
Package: lmodern 2015/05/01 v1.6.1 Latin Modern Fonts
LaTeX Font Info:    Overwriting symbol font `operators' in version `normal'
(Font)                  OT1/cmr/m/n --> OT1/lmr/m/n on input line 22.
LaTeX Font Info:    Overwriting symbol font `letters' in version `normal'
(Font)                  OML/cmm/m/it --> OML/lmm/m/it on input line 23.
LaTeX Font Info:    Overwriting symbol font `symbols' in version `normal'
(Font)                  OMS/cmsy/m/n --> OMS/lmsy/m/n on input line 24.
LaTeX Font Info:    Overwriting symbol font `largesymbols' in version `normal'
(Font)                  OMX/cmex/m/n --> OMX/lmex/m/n on input line 25.
LaTeX Font Info:    Overwriting symbol font `operators' in version `bold'
(Font)                  OT1/cmr/bx/n --> OT1/lmr/bx/n on input line 26.
LaTeX Font Info:    Overwriting symbol font `letters' in version `bold'
(Font)                  OML/cmm/b/it --> OML/lmm/b/it on input line 27.
LaTeX Font Info:    Overwriting symbol font `symbols' in version `bold'
(Font)                  OMS/cmsy/b/n --> OMS/lmsy/b/n on input line 28.
LaTeX Font Info:    Overwriting symbol font `largesymbols' in version `bold'
(Font)                  OMX/cmex/m/n --> OMX/lmex/m/n on input line 29.
LaTeX Font Info:    Overwriting math alphabet `\mathbf' in version `normal'
(Font)                  OT1/cmr/bx/n --> OT1/lmr/bx/n on input line 31.
LaTeX Font Info:    Overwriting math alphabet `\mathsf' in version `normal'
(Font)                  OT1/cmss/m/n --> OT1/lmss/m/n on input line 32.
LaTeX Font Info:    Overwriting math alphabet `\mathit' in version `normal'
(Font)                  OT1/cmr/m/it --> OT1/lmr/m/it on input line 33.
LaTeX Font Info:    Overwriting math alphabet `\mathtt' in version `normal'
(Font)                  OT1/cmtt/m/n --> OT1/lmtt/m/n on input line 34.
LaTeX Font Info:    Overwriting math alphabet `\mathbf' in version `bold'
(Font)                  OT1/cmr/bx/n --> OT1/lmr/bx/n on input line 35.
LaTeX Font Info:    Overwriting math alphabet `\mathsf' in version `bold'
(Font)                  OT1/cmss/bx/n --> OT1/lmss/bx/n on input line 36.
LaTeX Font Info:    Overwriting math alphabet `\mathit' in version `bold'
(Font)                  OT1/cmr/bx/it --> OT1/lmr/bx/it on input line 37.
LaTeX Font Info:    Overwriting math alphabet `\mathtt' in version `bold'
(Font)                  OT1/cmtt/m/n --> OT1/lmtt/m/n on input line 38.
)
(/usr/local/texlive/2021/texmf-dist/tex/generic/babel/babel.sty
Package: babel 2021/03/24 3.56 The Babel package

(/usr/local/texlive/2021/texmf-dist/tex/generic/babel/babel.def
File: babel.def 2021/03/24 3.56 Babel common definitions
\babel@savecnt=\count188
\U@D=\dimen139
\l@babelnohyphens=\language87

(/usr/local/texlive/2021/texmf-dist/tex/generic/babel/txtbabel.def)
\bbl@readstream=\read2
)
\bbl@dirlevel=\count189

(/usr/local/texlive/2021/texmf-dist/tex/generic/babel-czech/czech.ldf
Language: czech 2008/07/06 v3.1a Czech support from the babel system
Package babel Info: Making " an active character on input line 172.
\cs@wordlen=\count190
Package babel Info: Making - an active character on input line 226.
)
(/usr/local/texlive/2021/texmf-dist/tex/generic/babel-english/british.ldf
Language: british 2017/06/06 v3.3r English support from the babel system

(/usr/local/texlive/2021/texmf-dist/tex/generic/babel-english/english.ldf
Language: english 2017/06/06 v3.3r English support from the babel system
Package babel Info: \l@canadian = using hyphenrules for english
(babel)             (\language0) on input line 102.
Package babel Info: \l@australian = using hyphenrules for ukenglish
(babel)             (\language21) on input line 105.
Package babel Info: \l@newzealand = using hyphenrules for ukenglish
(babel)             (\language21) on input line 108.
)))
(/usr/local/texlive/2021/texmf-dist/tex/latex/base/inputenc.sty
Package: inputenc 2020/08/01 v1.3d Input encoding file
\inpenc@prehook=\toks15
\inpenc@posthook=\toks16
)
(/usr/local/texlive/2021/texmf-dist/tex/latex/base/fontenc.sty
Package: fontenc 2020/08/10 v2.0s Standard LaTeX package
LaTeX Font Info:    Trying to load font information for T1+lmr on input line 11
2.

(/usr/local/texlive/2021/texmf-dist/tex/latex/lm/t1lmr.fd
File: t1lmr.fd 2015/05/01 v1.6.1 Font defs for Latin Modern
))
(/usr/local/texlive/2021/texmf-dist/tex/latex/geometry/geometry.sty
Package: geometry 2020/01/02 v5.9 Page Geometry

(/usr/local/texlive/2021/texmf-dist/tex/latex/graphics/keyval.sty
Package: keyval 2014/10/28 v1.15 key=value parser (DPC)
\KV@toks@=\toks17
)
(/usr/local/texlive/2021/texmf-dist/tex/generic/iftex/ifvtex.sty
Package: ifvtex 2019/10/25 v1.7 ifvtex legacy package. Use iftex instead.

(/usr/local/texlive/2021/texmf-dist/tex/generic/iftex/iftex.sty
Package: iftex 2020/03/06 v1.0d TeX engine tests
))
\Gm@cnth=\count191
\Gm@cntv=\count192
\c@Gm@tempcnt=\count193
\Gm@bindingoffset=\dimen140
\Gm@wd@mp=\dimen141
\Gm@odd@mp=\dimen142
\Gm@even@mp=\dimen143
\Gm@layoutwidth=\dimen144
\Gm@layoutheight=\dimen145
\Gm@layouthoffset=\dimen146
\Gm@layoutvoffset=\dimen147
\Gm@dimlist=\toks18
))
(/usr/local/texlive/2021/texmf-dist/tex/latex/tocbibind/tocbibind.sty
Package: tocbibind 2010/10/13 v1.5k extra ToC listings
Package tocbibind Info: The document has chapter divisions on input line 50.


Package tocbibind Note: Using chapter style headings, unless overridden.

) (/usr/local/texlive/2021/texmf-dist/tex/latex/graphics/graphicx.sty
Package: graphicx 2020/09/09 v1.2b Enhanced LaTeX Graphics (DPC,SPQR)

(/usr/local/texlive/2021/texmf-dist/tex/latex/graphics/graphics.sty
Package: graphics 2020/08/30 v1.4c Standard LaTeX Graphics (DPC,SPQR)

(/usr/local/texlive/2021/texmf-dist/tex/latex/graphics/trig.sty
Package: trig 2016/01/03 v1.10 sin cos tan (DPC)
)
(/usr/local/texlive/2021/texmf-dist/tex/latex/graphics-cfg/graphics.cfg
File: graphics.cfg 2016/06/04 v1.11 sample graphics configuration
)
Package graphics Info: Driver file: pdftex.def on input line 105.

(/usr/local/texlive/2021/texmf-dist/tex/latex/graphics-def/pdftex.def
File: pdftex.def 2020/10/05 v1.2a Graphics/color driver for pdftex
))
\Gin@req@height=\dimen148
\Gin@req@width=\dimen149
)
(/usr/local/texlive/2021/texmf-dist/tex/latex/hyperref/hyperref.sty
Package: hyperref 2021-02-27 v7.00k Hypertext links for LaTeX

(/usr/local/texlive/2021/texmf-dist/tex/generic/ltxcmds/ltxcmds.sty
Package: ltxcmds 2020-05-10 v1.25 LaTeX kernel commands for general use (HO)
)
(/usr/local/texlive/2021/texmf-dist/tex/generic/pdftexcmds/pdftexcmds.sty
Package: pdftexcmds 2020-06-27 v0.33 Utility functions of pdfTeX for LuaTeX (HO
)

(/usr/local/texlive/2021/texmf-dist/tex/generic/infwarerr/infwarerr.sty
Package: infwarerr 2019/12/03 v1.5 Providing info/warning/error messages (HO)
)
Package pdftexcmds Info: \pdf@primitive is available.
Package pdftexcmds Info: \pdf@ifprimitive is available.
Package pdftexcmds Info: \pdfdraftmode found.
)
(/usr/local/texlive/2021/texmf-dist/tex/generic/kvsetkeys/kvsetkeys.sty
Package: kvsetkeys 2019/12/15 v1.18 Key value parser (HO)
)
(/usr/local/texlive/2021/texmf-dist/tex/generic/kvdefinekeys/kvdefinekeys.sty
Package: kvdefinekeys 2019-12-19 v1.6 Define keys (HO)
)
(/usr/local/texlive/2021/texmf-dist/tex/generic/pdfescape/pdfescape.sty
Package: pdfescape 2019/12/09 v1.15 Implements pdfTeX's escape features (HO)
)
(/usr/local/texlive/2021/texmf-dist/tex/latex/hycolor/hycolor.sty
Package: hycolor 2020-01-27 v1.10 Color options for hyperref/bookmark (HO)
)
(/usr/local/texlive/2021/texmf-dist/tex/latex/letltxmacro/letltxmacro.sty
Package: letltxmacro 2019/12/03 v1.6 Let assignment for LaTeX macros (HO)
)
(/usr/local/texlive/2021/texmf-dist/tex/latex/auxhook/auxhook.sty
Package: auxhook 2019-12-17 v1.6 Hooks for auxiliary files (HO)
)
(/usr/local/texlive/2021/texmf-dist/tex/latex/kvoptions/kvoptions.sty
Package: kvoptions 2020-10-07 v3.14 Key value format for package options (HO)
)
\@linkdim=\dimen150
\Hy@linkcounter=\count194
\Hy@pagecounter=\count195

(/usr/local/texlive/2021/texmf-dist/tex/latex/hyperref/pd1enc.def
File: pd1enc.def 2021-02-27 v7.00k Hyperref: PDFDocEncoding definition (HO)
Now handling font encoding PD1 ...
... no UTF-8 mapping file for font encoding PD1
)
(/usr/local/texlive/2021/texmf-dist/tex/latex/hyperref/hyperref-langpatches.def
File: hyperref-langpatches.def 2021-02-27 v7.00k Hyperref: patches for babel la
nguages
) (/usr/local/texlive/2021/texmf-dist/tex/generic/intcalc/intcalc.sty
Package: intcalc 2019/12/15 v1.3 Expandable calculations with integers (HO)
)
(/usr/local/texlive/2021/texmf-dist/tex/generic/etexcmds/etexcmds.sty
Package: etexcmds 2019/12/15 v1.7 Avoid name clashes with e-TeX commands (HO)
)
\Hy@SavedSpaceFactor=\count196

(/usr/local/texlive/2021/texmf-dist/tex/latex/hyperref/puenc.def
File: puenc.def 2021-02-27 v7.00k Hyperref: PDF Unicode definition (HO)
Now handling font encoding PU ...
... no UTF-8 mapping file for font encoding PU
)
Package hyperref Info: Hyper figures OFF on input line 4192.
Package hyperref Info: Link nesting OFF on input line 4197.
Package hyperref Info: Hyper index ON on input line 4200.
Package hyperref Info: Plain pages OFF on input line 4207.
Package hyperref Info: Backreferencing OFF on input line 4212.
Package hyperref Info: Implicit mode ON; LaTeX internals redefined.
Package hyperref Info: Bookmarks ON on input line 4445.
\c@Hy@tempcnt=\count197

(/usr/local/texlive/2021/texmf-dist/tex/latex/url/url.sty
\Urlmuskip=\muskip16
Package: url 2013/09/16  ver 3.4  Verb mode for urls, etc.
)
LaTeX Info: Redefining \url on input line 4804.
\XeTeXLinkMargin=\dimen151

(/usr/local/texlive/2021/texmf-dist/tex/generic/bitset/bitset.sty
Package: bitset 2019/12/09 v1.3 Handle bit-vector datatype (HO)

(/usr/local/texlive/2021/texmf-dist/tex/generic/bigintcalc/bigintcalc.sty
Package: bigintcalc 2019/12/15 v1.5 Expandable calculations on big integers (HO
)
))
\Fld@menulength=\count198
\Field@Width=\dimen152
\Fld@charsize=\dimen153
Package hyperref Info: Hyper figures OFF on input line 6075.
Package hyperref Info: Link nesting OFF on input line 6080.
Package hyperref Info: Hyper index ON on input line 6083.
Package hyperref Info: backreferencing OFF on input line 6090.
Package hyperref Info: Link coloring OFF on input line 6095.
Package hyperref Info: Link coloring with OCG OFF on input line 6100.
Package hyperref Info: PDF/A mode OFF on input line 6105.
LaTeX Info: Redefining \ref on input line 6145.
LaTeX Info: Redefining \pageref on input line 6149.

(/usr/local/texlive/2021/texmf-dist/tex/latex/base/atbegshi-ltx.sty
Package: atbegshi-ltx 2020/08/17 v1.0a Emulation of the original atbegshi packa
ge
with kernel methods
)
\Hy@abspage=\count199
\c@Item=\count266
\c@Hfootnote=\count267
)
Package hyperref Info: Driver: hpdftex.

(/usr/local/texlive/2021/texmf-dist/tex/latex/hyperref/hpdftex.def
File: hpdftex.def 2021-02-27 v7.00k Hyperref driver for pdfTeX

(/usr/local/texlive/2021/texmf-dist/tex/latex/base/atveryend-ltx.sty
Package: atveryend-ltx 2020/08/19 v1.0a Emulation of the original atvery packag
e
with kernel methods
)
\Fld@listcount=\count268
\c@bookmark@seq@number=\count269

(/usr/local/texlive/2021/texmf-dist/tex/latex/rerunfilecheck/rerunfilecheck.sty
Package: rerunfilecheck 2019/12/05 v1.9 Rerun checks for auxiliary files (HO)

(/usr/local/texlive/2021/texmf-dist/tex/generic/uniquecounter/uniquecounter.sty
Package: uniquecounter 2019/12/15 v1.4 Provide unlimited unique counter (HO)
)
Package uniquecounter Info: New unique counter `rerunfilecheck' on input line 2
86.
)
\Hy@SectionHShift=\skip49
)
Package hyperref Info: Option `colorlinks' set `true' on input line 76.
Package hyperref Info: Option `unicode' set `true' on input line 76.
Package hyperref Info: Option `bookmarksopen' set `true' on input line 76.
 (/usr/local/texlive/2021/texmf-dist/tex/latex/natbib/natbib.sty
Package: natbib 2010/09/13 8.31b (PWD, AO)
\bibhang=\skip50
\bibsep=\skip51
LaTeX Info: Redefining \cite on input line 694.
\c@NAT@ctr=\count270
)
(/usr/local/texlive/2021/texmf-dist/tex/latex/svg/svg.sty
Package: svg 2020/11/26 v2.02k (include SVG pictures)

(/usr/local/texlive/2021/texmf-dist/tex/latex/koma-script/scrbase.sty
Package: scrbase 2021/03/17 v3.33 KOMA-Script package (KOMA-Script-independent 
basics and keyval usage)

(/usr/local/texlive/2021/texmf-dist/tex/latex/koma-script/scrlfile.sty
Package: scrlfile 2021/03/17 v3.33 KOMA-Script package (file load hooks)

(/usr/local/texlive/2021/texmf-dist/tex/latex/koma-script/scrlfile-hook.sty
Package: scrlfile-hook 2021/03/17 v3.33 KOMA-Script package (using LaTeX hooks)


LaTeX3 Info: Defining command \BeforeFile with sig. 'm' on line 61.


LaTeX3 Info: Defining command \AfterFile with sig. 'm' on line 65.


LaTeX3 Info: Defining command \BeforeClass with sig. 'm' on line 69.


LaTeX3 Info: Defining command \BeforePackage with sig. 'm' on line 73.


LaTeX3 Info: Defining command \AfterAtEndOfClass with sig. 'smo+m' on line 83.


LaTeX3 Info: Defining command \AfterAtEndOfPackage with sig. 'smo+m' on line
(LaTeX3)     93.


LaTeX3 Info: Defining command \scrlfile@AfterClass with sig. 'smo+m' on line
(LaTeX3)     173.


LaTeX3 Info: Defining command \AfterClass with sig. '' on line 174.


LaTeX3 Info: Defining command \scrlfile@AfterPackage with sig. 'smo+m' on line
(LaTeX3)     191.


LaTeX3 Info: Defining command \AfterPackage with sig. '' on line 192.


LaTeX3 Info: Defining command \ReplaceInput with sig. '' on line 193.


LaTeX3 Info: Defining command \ReplaceClass with sig. 'mm' on line 196.


LaTeX3 Info: Defining command \ReplacePackage with sig. 'mm' on line 199.


LaTeX3 Info: Defining command \UnReplaceInput with sig. '' on line 200.


LaTeX3 Info: Defining command \UnReplaceClass with sig. 'm' on line 203.


LaTeX3 Info: Defining command \UnReplacePackage with sig. 'mm' on line 206.


LaTeX3 Info: Defining command \PreventPackageFromLoading with sig. 's+om' on
(LaTeX3)     line 234.


LaTeX3 Info: Defining command \StorePreventPackageFromLoading with sig. 'm' on
(LaTeX3)     line 242.


LaTeX3 Info: Defining command \ResetPreventPackageFromLoading with sig. '' on
(LaTeX3)     line 247.


LaTeX3 Info: Defining command \UnPreventPackageFromLoading with sig. 'sm' on
(LaTeX3)     line 261.


LaTeX3 Info: Defining command \BeforeClosingMainAux with sig. 'om' on line
(LaTeX3)     274.


LaTeX3 Info: Defining command \AfterReadingMainAux with sig. 'om' on line 287.


LaTeX3 Info: Defining command \protected@immediate@write with sig. 'm+m+m' on
(LaTeX3)     line 298.


(/usr/local/texlive/2021/texmf-dist/tex/latex/koma-script/scrlogo.sty
Package: scrlogo 2021/03/17 v3.33 KOMA-Script package (logo)
)))
Skipping: [2021/05/01] Usage of raw option list on input line 252.
Applying: [0000/00/00] compatibility for LaTeX before 2021/05/01 on input line 
337.
)
(/usr/local/texlive/2021/texmf-dist/tex/latex/trimspaces/trimspaces.sty
Package: trimspaces 2009/09/17 v1.1 Trim spaces around a token list
)
(/usr/local/texlive/2021/texmf-dist/tex/latex/tools/shellesc.sty
Package: shellesc 2019/11/08 v1.0c unified shell escape interface for LaTeX
Package shellesc Info: Restricted shell escape enabled on input line 77.
)
\c@svg@param@lastpage=\count271
\svg@box=\box47
\c@svg@param@currpage=\count272
)
(/usr/local/texlive/2021/texmf-dist/tex/latex/xcolor/xcolor.sty
Package: xcolor 2016/05/11 v2.12 LaTeX color extensions (UK)

(/usr/local/texlive/2021/texmf-dist/tex/latex/graphics-cfg/color.cfg
File: color.cfg 2016/01/02 v1.6 sample color configuration
)
Package xcolor Info: Driver file: pdftex.def on input line 225.
Package xcolor Info: Model `cmy' substituted by `cmy0' on input line 1348.
Package xcolor Info: Model `hsb' substituted by `rgb' on input line 1352.
Package xcolor Info: Model `RGB' extended on input line 1364.
Package xcolor Info: Model `HTML' substituted by `rgb' on input line 1366.
Package xcolor Info: Model `Hsb' substituted by `hsb' on input line 1367.
Package xcolor Info: Model `tHsb' substituted by `hsb' on input line 1368.
Package xcolor Info: Model `HSB' substituted by `hsb' on input line 1369.
Package xcolor Info: Model `Gray' substituted by `gray' on input line 1370.
Package xcolor Info: Model `wave' substituted by `hsb' on input line 1371.
)
(/usr/local/texlive/2021/texmf-dist/tex/latex/transparent/transparent.sty
Package: transparent 2019/11/29 v1.4 Transparency via pdfTeX's color stack (HO)

)
(/usr/local/texlive/2021/texmf-dist/tex/latex/pgf/systemlayer/pgfsys.sty
(/usr/local/texlive/2021/texmf-dist/tex/latex/pgf/utilities/pgfrcs.sty
(/usr/local/texlive/2021/texmf-dist/tex/generic/pgf/utilities/pgfutil-common.te
x
\pgfutil@everybye=\toks19
\pgfutil@tempdima=\dimen154
\pgfutil@tempdimb=\dimen155

(/usr/local/texlive/2021/texmf-dist/tex/generic/pgf/utilities/pgfutil-common-li
sts.tex))
(/usr/local/texlive/2021/texmf-dist/tex/generic/pgf/utilities/pgfutil-latex.def
\pgfutil@abb=\box48
) (/usr/local/texlive/2021/texmf-dist/tex/generic/pgf/utilities/pgfrcs.code.tex
(/usr/local/texlive/2021/texmf-dist/tex/generic/pgf/pgf.revision.tex)
Package: pgfrcs 2020/12/27 v3.1.8b (3.1.8b)
))
(/usr/local/texlive/2021/texmf-dist/tex/generic/pgf/systemlayer/pgfsys.code.tex
Package: pgfsys 2020/12/27 v3.1.8b (3.1.8b)
(/usr/local/texlive/2021/texmf-dist/tex/generic/pgf/utilities/pgfkeys.code.tex
\pgfkeys@pathtoks=\toks20
\pgfkeys@temptoks=\toks21

(/usr/local/texlive/2021/texmf-dist/tex/generic/pgf/utilities/pgfkeysfiltered.c
ode.tex
\pgfkeys@tmptoks=\toks22
))
\pgf@x=\dimen156
\pgf@y=\dimen157
\pgf@xa=\dimen158
\pgf@ya=\dimen159
\pgf@xb=\dimen160
\pgf@yb=\dimen161
\pgf@xc=\dimen162
\pgf@yc=\dimen163
\pgf@xd=\dimen164
\pgf@yd=\dimen165
\w@pgf@writea=\write3
\r@pgf@reada=\read3
\c@pgf@counta=\count273
\c@pgf@countb=\count274
\c@pgf@countc=\count275
\c@pgf@countd=\count276
\t@pgf@toka=\toks23
\t@pgf@tokb=\toks24
\t@pgf@tokc=\toks25
\pgf@sys@id@count=\count277

(/usr/local/texlive/2021/texmf-dist/tex/generic/pgf/systemlayer/pgf.cfg
File: pgf.cfg 2020/12/27 v3.1.8b (3.1.8b)
)
Driver file for pgf: pgfsys-pdftex.def

(/usr/local/texlive/2021/texmf-dist/tex/generic/pgf/systemlayer/pgfsys-pdftex.d
ef
File: pgfsys-pdftex.def 2020/12/27 v3.1.8b (3.1.8b)

(/usr/local/texlive/2021/texmf-dist/tex/generic/pgf/systemlayer/pgfsys-common-p
df.def
File: pgfsys-common-pdf.def 2020/12/27 v3.1.8b (3.1.8b)
)))
(/usr/local/texlive/2021/texmf-dist/tex/generic/pgf/systemlayer/pgfsyssoftpath.
code.tex
File: pgfsyssoftpath.code.tex 2020/12/27 v3.1.8b (3.1.8b)
\pgfsyssoftpath@smallbuffer@items=\count278
\pgfsyssoftpath@bigbuffer@items=\count279
)
(/usr/local/texlive/2021/texmf-dist/tex/generic/pgf/systemlayer/pgfsysprotocol.
code.tex
File: pgfsysprotocol.code.tex 2020/12/27 v3.1.8b (3.1.8b)
)) (/usr/local/texlive/2021/texmf-dist/tex/latex/float/float.sty
Package: float 2001/11/08 v1.3d Float enhancements (AL)
\c@float@type=\count280
\float@exts=\toks26
\float@box=\box49
\@float@everytoks=\toks27
\@floatcapt=\box50
)
(/usr/local/texlive/2021/texmf-dist/tex/latex/colortbl/colortbl.sty
Package: colortbl 2020/01/04 v1.0e Color table columns (DPC)

(/usr/local/texlive/2021/texmf-dist/tex/latex/tools/array.sty
Package: array 2020/10/01 v2.5c Tabular extension package (FMi)
\col@sep=\dimen166
\ar@mcellbox=\box51
\extrarowheight=\dimen167
\NC@list=\toks28
\extratabsurround=\skip52
\backup@length=\skip53
\ar@cellbox=\box52
)
\everycr=\toks29
\minrowclearance=\skip54
)
(/usr/local/texlive/2021/texmf-dist/tex/latex/booktabs/booktabs.sty
Package: booktabs 2020/01/12 v1.61803398 Publication quality tables
\heavyrulewidth=\dimen168
\lightrulewidth=\dimen169
\cmidrulewidth=\dimen170
\belowrulesep=\dimen171
\belowbottomsep=\dimen172
\aboverulesep=\dimen173
\abovetopsep=\dimen174
\cmidrulesep=\dimen175
\cmidrulekern=\dimen176
\defaultaddspace=\dimen177
\@cmidla=\count281
\@cmidlb=\count282
\@aboverulesep=\dimen178
\@belowrulesep=\dimen179
\@thisruleclass=\count283
\@lastruleclass=\count284
\@thisrulewidth=\dimen180
)
(/usr/local/texlive/2021/texmf-dist/tex/latex/tools/hhline.sty
Package: hhline 2020/01/04 v2.04 Table rule package (DPC)
)
(/usr/local/texlive/2021/texmf-dist/tex/latex/was/gensymb.sty
Package: gensymb 2003/07/02 v1.0 (WaS)
)
(/usr/local/texlive/2021/texmf-dist/tex/latex/listings/listings.sty
\lst@mode=\count285
\lst@gtempboxa=\box53
\lst@token=\toks30
\lst@length=\count286
\lst@currlwidth=\dimen181
\lst@column=\count287
\lst@pos=\count288
\lst@lostspace=\dimen182
\lst@width=\dimen183
\lst@newlines=\count289
\lst@lineno=\count290
\lst@maxwidth=\dimen184

(/usr/local/texlive/2021/texmf-dist/tex/latex/listings/lstmisc.sty
File: lstmisc.sty 2020/03/24 1.8d (Carsten Heinz)
\c@lstnumber=\count291
\lst@skipnumbers=\count292
\lst@framebox=\box54
)
(/usr/local/texlive/2021/texmf-dist/tex/latex/listings/listings.cfg
File: listings.cfg 2020/03/24 1.8d listings configuration
))
Package: listings 2020/03/24 1.8d (Carsten Heinz)

(/usr/local/texlive/2021/texmf-dist/tex/latex/amsfonts/amssymb.sty
Package: amssymb 2013/01/14 v3.01 AMS font symbols

(/usr/local/texlive/2021/texmf-dist/tex/latex/amsfonts/amsfonts.sty
Package: amsfonts 2013/01/14 v3.01 Basic AMSFonts support
\@emptytoks=\toks31
\symAMSa=\mathgroup4
\symAMSb=\mathgroup5
LaTeX Font Info:    Redeclaring math symbol \hbar on input line 98.
LaTeX Font Info:    Overwriting math alphabet `\mathfrak' in version `bold'
(Font)                  U/euf/m/n --> U/euf/b/n on input line 106.
))
(/usr/local/texlive/2021/texmf-dist/tex/latex/comment/comment.sty
\CommentStream=\write4

Excluding comment 'comment')
(/usr/local/texlive/2021/texmf-dist/tex/latex/graphics/rotating.sty
Package: rotating 2016/08/11 v2.16d rotated objects in LaTeX

(/usr/local/texlive/2021/texmf-dist/tex/latex/base/ifthen.sty
Package: ifthen 2014/09/29 v1.1c Standard LaTeX ifthen package (DPC)
)
\c@r@tfl@t=\count293
\rotFPtop=\skip55
\rotFPbot=\skip56
\rot@float@box=\box55
\rot@mess@toks=\toks32
)
(/usr/local/texlive/2021/texmf-dist/tex/latex/l3backend/l3backend-pdftex.def
File: l3backend-pdftex.def 2021-03-18 L3 backend support: PDF output (pdfTeX)
\l__color_backend_stack_int=\count294
\l__pdf_internal_box=\box56
)
(./DP.aux)
\openout1 = `DP.aux'.

LaTeX Font Info:    Checking defaults for OML/cmm/m/it on input line 99.
LaTeX Font Info:    ... okay on input line 99.
LaTeX Font Info:    Checking defaults for OMS/cmsy/m/n on input line 99.
LaTeX Font Info:    ... okay on input line 99.
LaTeX Font Info:    Checking defaults for OT1/cmr/m/n on input line 99.
LaTeX Font Info:    ... okay on input line 99.
LaTeX Font Info:    Checking defaults for T1/cmr/m/n on input line 99.
LaTeX Font Info:    ... okay on input line 99.
LaTeX Font Info:    Checking defaults for TS1/cmr/m/n on input line 99.
LaTeX Font Info:    ... okay on input line 99.
LaTeX Font Info:    Checking defaults for OMX/cmex/m/n on input line 99.
LaTeX Font Info:    ... okay on input line 99.
LaTeX Font Info:    Checking defaults for U/cmr/m/n on input line 99.
LaTeX Font Info:    ... okay on input line 99.
LaTeX Font Info:    Checking defaults for PD1/pdf/m/n on input line 99.
LaTeX Font Info:    ... okay on input line 99.
LaTeX Font Info:    Checking defaults for PU/pdf/m/n on input line 99.
LaTeX Font Info:    ... okay on input line 99.

*geometry* driver: auto-detecting
*geometry* detected driver: pdftex
*geometry* verbose mode - [ preamble ] result:
* driver: pdftex
* paper: a4paper
* layout: <same size as paper>
* layoutoffset:(h,v)=(0.0pt,0.0pt)
* modes: 
* h-part:(L,W,R)=(105.27519pt, 386.95749pt, 105.27519pt)
* v-part:(T,H,B)=(93.89409pt, 637.34174pt, 113.81102pt)
* \paperwidth=597.50787pt
* \paperheight=845.04684pt
* \textwidth=386.95749pt
* \textheight=637.34174pt
* \oddsidemargin=33.0052pt
* \evensidemargin=33.0052pt
* \topmargin=-15.3759pt
* \headheight=12.0pt
* \headsep=25.0pt
* \topskip=12.0pt
* \footskip=30.0pt
* \marginparwidth=44.0pt
* \marginparsep=10.0pt
* \columnsep=10.0pt
* \skip\footins=10.8pt plus 4.0pt minus 2.0pt
* \hoffset=0.0pt
* \voffset=0.0pt
* \mag=1000
* \@twocolumnfalse
* \@twosidefalse
* \@mparswitchfalse
* \@reversemarginfalse
* (1in=72.27pt=25.4mm, 1cm=28.453pt)

(/usr/local/texlive/2021/texmf-dist/tex/context/base/mkii/supp-pdf.mkii
[Loading MPS to PDF converter (version 2006.09.02).]
\scratchcounter=\count295
\scratchdimen=\dimen185
\scratchbox=\box57
\nofMPsegments=\count296
\nofMParguments=\count297
\everyMPshowfont=\toks33
\MPscratchCnt=\count298
\MPscratchDim=\dimen186
\MPnumerator=\count299
\makeMPintoPDFobject=\count300
\everyMPtoPDFconversion=\toks34
) (/usr/local/texlive/2021/texmf-dist/tex/latex/epstopdf-pkg/epstopdf-base.sty
Package: epstopdf-base 2020-01-24 v2.11 Base part for package epstopdf
Package epstopdf-base Info: Redefining graphics rule for `.eps' on input line 4
85.

(/usr/local/texlive/2021/texmf-dist/tex/latex/latexconfig/epstopdf-sys.cfg
File: epstopdf-sys.cfg 2010/07/13 v1.3 Configuration of (r)epstopdf for TeX Liv
e
))
Package hyperref Info: Link coloring ON on input line 99.

(/usr/local/texlive/2021/texmf-dist/tex/latex/hyperref/nameref.sty
Package: nameref 2021-04-02 v2.47 Cross-referencing by name of section

(/usr/local/texlive/2021/texmf-dist/tex/latex/refcount/refcount.sty
Package: refcount 2019/12/15 v3.6 Data extraction from label references (HO)
)
(/usr/local/texlive/2021/texmf-dist/tex/generic/gettitlestring/gettitlestring.s
ty
Package: gettitlestring 2019/12/15 v1.6 Cleanup title references (HO)
)
\c@section@level=\count301
)
LaTeX Info: Redefining \ref on input line 99.
LaTeX Info: Redefining \pageref on input line 99.
LaTeX Info: Redefining \nameref on input line 99.
 (./DP.out) (./DP.out)
\@outlinefile=\write5
\openout5 = `DP.out'.

LaTeX Info: Redefining \celsius on input line 99.
Package gensymb Info: Faking symbols for \degree and \celsius on input line 99.



Package gensymb Warning: Not defining \perthousand.

LaTeX Info: Redefining \ohm on input line 99.
Package gensymb Info: Using \Omega for \ohm on input line 99.

Package gensymb Warning: Not defining \micro.

\c@lstlisting=\count302
[1

{/usr/local/texlive/2021/texmf-var/fonts/map/pdftex/updmap/pdftex.map}]
[2] [3

] [4

]
LaTeX Font Info:    Trying to load font information for OT1+lmr on input line 1
02.
 (/usr/local/texlive/2021/texmf-dist/tex/latex/lm/ot1lmr.fd
File: ot1lmr.fd 2015/05/01 v1.6.1 Font defs for Latin Modern
)
LaTeX Font Info:    Trying to load font information for OML+lmm on input line 1
02.

(/usr/local/texlive/2021/texmf-dist/tex/latex/lm/omllmm.fd
File: omllmm.fd 2015/05/01 v1.6.1 Font defs for Latin Modern
)
LaTeX Font Info:    Trying to load font information for OMS+lmsy on input line 
102.

(/usr/local/texlive/2021/texmf-dist/tex/latex/lm/omslmsy.fd
File: omslmsy.fd 2015/05/01 v1.6.1 Font defs for Latin Modern
)
LaTeX Font Info:    Trying to load font information for OMX+lmex on input line 
102.

(/usr/local/texlive/2021/texmf-dist/tex/latex/lm/omxlmex.fd
File: omxlmex.fd 2015/05/01 v1.6.1 Font defs for Latin Modern
)
LaTeX Font Info:    External font `lmex10' loaded for size
(Font)              <12> on input line 102.
LaTeX Font Info:    External font `lmex10' loaded for size
(Font)              <8> on input line 102.
LaTeX Font Info:    External font `lmex10' loaded for size
(Font)              <6> on input line 102.
LaTeX Font Info:    Trying to load font information for U+msa on input line 102
.

(/usr/local/texlive/2021/texmf-dist/tex/latex/amsfonts/umsa.fd
File: umsa.fd 2013/01/14 v3.01 AMS symbols A
)
LaTeX Font Info:    Trying to load font information for U+msb on input line 102
.

(/usr/local/texlive/2021/texmf-dist/tex/latex/amsfonts/umsb.fd
File: umsb.fd 2013/01/14 v3.01 AMS symbols B
) [5] (./DP.toc
[6

])
\tf@toc=\write6
\openout6 = `DP.toc'.

 (./tex/uvod.tex [0]
Kapitola 1.
) (./tex/ETL.texpdfTeX warning (ext4): destination with the same identifier (na
me{page.1}) has been already used, duplicate ignored
<to be read again> 
                   \relax 
l.1 \chapter
            {Geografick√° data vyu≈æ√≠van√° v pr√°ci} [1

]
Kapitola 2.

Overfull \hbox (253.00142pt too wide) in paragraph at lines 6--7
[]\T1/lmr/bx/n/12 http://geomatika.kma.zcu.cz/studium/sgg/Materialy/Vlastnosti_
prostorovych_dat_a_harmonizace.pdf 
 []


Overfull \hbox (94.7432pt too wide) in paragraph at lines 13--14
\T1/lmr/m/n/12 data se skl·-dajÌ ze dvou slo-∫ek \T1/lmr/bx/n/12 https://kgm.zc
u.cz/studium/ugi/elearning/index1.htm\T1/lmr/m/n/12 .
 []

LaTeX Font Info:    Trying to load font information for TS1+lmr on input line 2
1.
(/usr/local/texlive/2021/texmf-dist/tex/latex/lm/ts1lmr.fd
File: ts1lmr.fd 2015/05/01 v1.6.1 Font defs for Latin Modern
)pdfTeX warning (ext4): destination with the same identifier (name{page.2}) has
 been already used, duplicate ignored
<to be read again> 
                   \relax 
l.29 
      [2

]
Overfull \hbox (33.73721pt too wide) in paragraph at lines 30--31
[]\T1/lmr/bx/n/12 https://www.natur.cuni.cz/geografie/geoinformatika-kartografi
e/ke-
 []


Overfull \hbox (129.77031pt too wide) in paragraph at lines 30--31
\T1/lmr/bx/n/12 stazeni/projekty/moderni-geoinformacni-metody-ve-vyuce-gis-a-ka
rtografie/prostorova-
 []


Overfull \hbox (258.20055pt too wide) in paragraph at lines 32--33
\T1/lmr/m/n/12 nebo vek-to-ro-vou for-mou. Rastrov· re-pre-zen-tace (vÌce nap∞.
 viz \T1/lmr/bx/n/12 https://kgm.zcu.cz/studium/ugi/elearning/index1.htm\T1/lmr
/m/n/12 )
 []


Overfull \hbox (5.48674pt too wide) in paragraph at lines 37--38
\T1/lmr/m/n/12 Vektorov· re-pre-zen-tace se za-m•-∞uje na po-pis jed-not-li-v˝c
h ge-o-gra-fic-k˝ch prvk∑
 []

pdfTeX warning (ext4): destination with the same identifier (name{page.3}) has 
been already used, duplicate ignored
<to be read again> 
                   \relax 
l.47 K
       odvozen√≠ prostorov√Ωch vztah≈Ø v≈°ak poƒç√≠taƒçi nestaƒç√≠ jednotliv...
[3]
Overfull \hbox (56.01054pt too wide) in paragraph at lines 47--48
\T1/lmr/m/n/12 jed-not-li-v˝mi ele-menty \T1/lmr/bx/n/12 https://kgm.zcu.cz/stu
dium/ugi/elearning/index1.htm\T1/lmr/m/n/12 .
 []

pdfTeX warning (ext4): destination with the same identifier (name{page.4}) has 
been already used, duplicate ignored
<to be read again> 
                   \relax 
l.67 
      [4]
Overfull \hbox (16.1124pt too wide) in paragraph at lines 80--81
\T1/lmr/bx/n/12 https://www.natur.cuni.cz/geografie/geoinformatika-kartografie/
ke-
 []


Overfull \hbox (50.04234pt too wide) in paragraph at lines 80--81
\T1/lmr/bx/n/12 stazeni/projekty/moderni-geoinformacni-metody-ve-vyuce-gis-kart
ografie-
 []

LaTeX Font Info:    Trying to load font information for T1+lmtt on input line 8
2.
(/usr/local/texlive/2021/texmf-dist/tex/latex/lm/t1lmtt.fd
File: t1lmtt.fd 2015/05/01 v1.6.1 Font defs for Latin Modern
)pdfTeX warning (ext4): destination with the same identifier (name{page.5}) has
 been already used, duplicate ignored
<to be read again> 
                   \relax 
l.88 
      [5]pdfTeX warning (ext4): destination with the same identifier (name{page
.6}) has been already used, duplicate ignored
<to be read again> 
                   \relax 
l.105   \item s
               t√°tn√≠ spr√°va, mƒõstsk√© √∫≈ôady - dopravn√≠ anal√Ωzy, volb...
[6] [7]
Kapitola 3.
[8

]
Overfull \hbox (67.9281pt too wide) in paragraph at lines 134--135
[]\T1/lmr/m/n/12 Extrakce pro-bÌh· ve dvou f·-zÌch [https://www.cs.colostate.ed
u/etl/papers/Thesis.pdf]
 []

[9]

LaTeX Warning: No positions in optional float specifier.
               Default added (so using `tbp') on input line 150.


Overfull \hbox (43.35161pt too wide) in paragraph at lines 151--160
[][]
 []

[10] [11pdfTeX warning (ext4): destination with the same identifier (name{table
.3.1}) has been already used, duplicate ignored
<argument> ...shipout:D \box_use:N \l_shipout_box 
                                                  
l.176 
      ]
Overfull \hbox (169.42776pt too wide) in paragraph at lines 179--181
\T1/lmr/m/n/12 v·nÌ po-li-tik Spo-le-£en-stvÌ na v≤ech ˙rov-nÌch £len-sk˝ch st·
t∑. \T1/lmr/bx/n/12 https://geoportal.gov.cz/web/guest/about-
 []

[12]
Overfull \hbox (32.13464pt too wide) in paragraph at lines 207--210
[]\T1/lmr/bx/n/12 http://cdn.safe.com/resources/fme/Data-Harmonization-Principl
es-
 []


Overfull \hbox (15.58925pt too wide) in paragraph at lines 207--210
\T1/lmr/bx/n/12 INSPIRE.pdf https://link.springer.com/article/10.1186/s40965-01
7-
 []


Overfull \hbox (450.42851pt too wide) in paragraph at lines 207--210
\T1/lmr/bx/n/12 0015-6 https://www.researchgate.net/publication/268464844_TOWAR
DS_INTEROPERABILITY_OF_SPATIAL_PLANNING_DATA_5-
 []

[13]) (./tex/TraModOSM.tex [14]
Kapitola 4.

Overfull \hbox (4.75237pt too wide) in paragraph at lines 11--12
\T1/lmr/bx/n/12 https://content.tfl.gov.uk/traffic-modelling-guidelines.pdf\T1/
lmr/m/n/12 . Krom to-
 []


Overfull \hbox (173.36923pt too wide) in paragraph at lines 11--12
\T1/lmr/bx/n/12 https://iccgis2020.cartography-gis.com/8ICCGIS-Vol1/8ICCGIS_Pro
ceedings_Vol1_(56).pdf\T1/lmr/m/n/12 . 
 []

[15

]
Overfull \hbox (82.65224pt too wide) in paragraph at lines 15--16
\T1/lmr/m/n/12 tovÈ struk-tury n·-stroje Traf-fic Mo-deller na ser-veru Gitlab 
\T1/lmr/m/it/12 https://gitlab.com/tramod/tramod-
 []

<images/OSM2Tramod_diagrams/Tramod_data_structure.png, id=372, 2055.68pt x 837.
1275pt>
File: images/OSM2Tramod_diagrams/Tramod_data_structure.png Graphic file (type p
ng)
<use images/OSM2Tramod_diagrams/Tramod_data_structure.png>
Package pdftex.def Info: images/OSM2Tramod_diagrams/Tramod_data_structure.png  
used on input line 28.
(pdftex.def)             Requested size: 637.34174pt x 259.54517pt.
[16] [17pdfTeX warning (ext4): destination with the same identifier (name{figur
e.4.1}) has been already used, duplicate ignored
<argument> ...shipout:D \box_use:N \l_shipout_box 
                                                  
l.42   \item \textit
                    {geometrie} - geometrie typu \textit{Point} v sou≈ôadnic...
 <./images/OSM2Tramod_diagrams/Tramod_data_structure.png>]
Overfull \hbox (3.62433pt too wide) in paragraph at lines 61--62
[]\T1/lmr/m/it/12 geometry \T1/lmr/m/n/12 - ge-o-me-t-rie typu \T1/lmr/m/it/12 
Li-ne-String \T1/lmr/m/n/12 v sou-∞ad-ni-co-vÈm sys-tÈmu WGS84 
 []

[18] [19]
Overfull \hbox (6.39214pt too wide) in paragraph at lines 100--101
\T1/lmr/m/n/12 t·l sa-motn˝ ome-zuje ex-port do sou-boru na ob-last ma-xi-m·ln•
 0.25$[]$£tvere£nÌch,
 []

[20]
<images/OSM2Tramod_diagrams/OSM_data_structure.jpeg, id=405, 730.73pt x 548.047
5pt>
File: images/OSM2Tramod_diagrams/OSM_data_structure.jpeg Graphic file (type jpg
)
<use images/OSM2Tramod_diagrams/OSM_data_structure.jpeg>
Package pdftex.def Info: images/OSM2Tramod_diagrams/OSM_data_structure.jpeg  us
ed on input line 114.
(pdftex.def)             Requested size: 309.56717pt x 232.17702pt.

Overfull \hbox (0.79016pt too wide) in paragraph at lines 123--124
[][][][][][][][][][][][][][] 
 []

[21pdfTeX warning (ext4): destination with the same identifier (name{figure.4.2
}) has been already used, duplicate ignored
<argument> ...shipout:D \box_use:N \l_shipout_box 
                                                  
l.127 
       <./images/OSM2Tramod_diagrams/OSM_data_structure.jpeg>] [22])
(./tex/navrh_nastroje.tex [23]
Kapitola 5.
[24

]
<images/OSM2Tramod_diagrams/OSM_Unroutable.pdf, id=448, 204.01219pt x 158.84344
pt>
File: images/OSM2Tramod_diagrams/OSM_Unroutable.pdf Graphic file (type pdf)
<use images/OSM2Tramod_diagrams/OSM_Unroutable.pdf>
Package pdftex.def Info: images/OSM2Tramod_diagrams/OSM_Unroutable.pdf  used on
 input line 21.
(pdftex.def)             Requested size: 212.82779pt x 165.71439pt.
 [25pdfTeX warning (ext4): destination with the same identifier (name{figure.5.
1}) has been already used, duplicate ignored
<argument> ...shipout:D \box_use:N \l_shipout_box 
                                                  
l.33 
      <./images/OSM2Tramod_diagrams/OSM_Unroutable.pdf>]
<images/OSM2Tramod_diagrams/OSM2Po_Process.pdf, id=464, 392.21532pt x 211.54031
pt>
File: images/OSM2Tramod_diagrams/OSM2Po_Process.pdf Graphic file (type pdf)
<use images/OSM2Tramod_diagrams/OSM2Po_Process.pdf>
Package pdftex.def Info: images/OSM2Tramod_diagrams/OSM2Po_Process.pdf  used on
 input line 38.
(pdftex.def)             Requested size: 386.95749pt x 208.71864pt.
 [26pdfTeX warning (ext4): destination with the same identifier (name{figure.5.
2}) has been already used, duplicate ignored
<argument> ...shipout:D \box_use:N \l_shipout_box 
                                                  
l.46 N
      √°stroj po sv√©m spu≈°tƒõn√≠ vytvo≈ô√≠ jednoduch√Ω web server, ze kter...
 <./images/OSM2Tramod_diagrams/OSM2Po_Process.pdf>]
Overfull \hbox (2.72354pt too wide) in paragraph at lines 63--64
[]\T1/lmr/m/it/12 Geometry \T1/lmr/m/n/12 - Point ge-o-me-t-rie ele-mentu v sou
-∞ad-ni-co-vÈm sys-tÈmu WGS84 
 []

[27] [28]

LaTeX Warning: No positions in optional float specifier.
               Default added (so using `tbp') on input line 103.


LaTeX Warning: No positions in optional float specifier.
               Default added (so using `tbp') on input line 123.

[29pdfTeX warning (ext4): destination with the same identifier (name{table.5.1}
) has been already used, duplicate ignored
<argument> ...shipout:D \box_use:N \l_shipout_box 
                                                  
l.139 
      pdfTeX warning (ext4): destination with the same identifier (name{table.5
.2}) has been already used, duplicate ignored
<argument> ...shipout:D \box_use:N \l_shipout_box 
                                                  
l.139 
      ]
Overfull \hbox (5.67635pt too wide) in paragraph at lines 151--152
\T1/lmr/m/n/12 OSM na od-kazu [][]$\T1/lmtt/m/n/12 wiki . openstreetmap . org /
 wiki / Osmfilter$[][]\T1/lmr/m/n/12 . N·-stroj \T1/lmr/m/it/12 omsfil-
 []

[30] [31]
<images/OSM2Tramod_diagrams/OSM2TramodProcess.pdf, id=509, 348.55219pt x 572.89
032pt>
File: images/OSM2Tramod_diagrams/OSM2TramodProcess.pdf Graphic file (type pdf)
<use images/OSM2Tramod_diagrams/OSM2TramodProcess.pdf>
Package pdftex.def Info: images/OSM2Tramod_diagrams/OSM2TramodProcess.pdf  used
 on input line 171.
(pdftex.def)             Requested size: 348.55132pt x 572.88892pt.

Overfull \hbox (58.74818pt too wide) in paragraph at lines 193--195
[]\T1/lmr/bx/n/12 https://web.archive.org/web/20190913100835/http://maureenogar
a.sys-
 []


Overfull \hbox (67.87927pt too wide) in paragraph at lines 193--195
\T1/lmr/bx/n/12 con.com/node/2747331 https://is.muni.cz/th/wu1mq/DP_Ales_Mracko
.pdf 
 []

[32] [33pdfTeX warning (ext4): destination with the same identifier (name{figur
e.5.3}) has been already used, duplicate ignored
<argument> ...shipout:D \box_use:N \l_shipout_box 
                                                  
l.204   \item t
               vorba zak√°zan√Ωch smƒõr≈Ø <./images/OSM2Tramod_diagrams/OSM2Tra
modProcess.pdf>]
Overfull \hbox (10.93654pt too wide) in paragraph at lines 211--212
\T1/lmr/m/n/12 PrvnÌ po-t∞ebn· trans-for-mace vy-ch·zÌ z re-pre-zen-tace hran v
 n·-stro-jÌch \T1/lmr/m/it/12 OSM2Po
 []

<images/OSM2Tramod_diagrams/DuplexEdges.pdf, id=534, 359.09157pt x 217.5628pt>
File: images/OSM2Tramod_diagrams/DuplexEdges.pdf Graphic file (type pdf)
<use images/OSM2Tramod_diagrams/DuplexEdges.pdf>
Package pdftex.def Info: images/OSM2Tramod_diagrams/DuplexEdges.pdf  used on in
put line 217.
(pdftex.def)             Requested size: 359.09068pt x 217.56227pt.
[34]
Overfull \hbox (14.93193pt too wide) in paragraph at lines 231--232
\T1/lmr/m/n/12 cholu je tedy po-t∞eba vy-tvo-∞it sa-mo-statn˝ z·-znam do ta-bul
ky \T1/lmr/m/it/12 turn_restrictions\T1/lmr/m/n/12 .
 []

[35pdfTeX warning (ext4): destination with the same identifier (name{figure.5.4
}) has been already used, duplicate ignored
<argument> ...shipout:D \box_use:N \l_shipout_box 
                                                  
l.234 
       <./images/OSM2Tramod_diagrams/DuplexEdges.pdf>]
<images/OSM2Tramod_diagrams/DuplexTurnRestrictionsAlgorhitm.pdf, id=555, 459.96
844pt x 369.63094pt>
File: images/OSM2Tramod_diagrams/DuplexTurnRestrictionsAlgorhitm.pdf Graphic fi
le (type pdf)
<use images/OSM2Tramod_diagrams/DuplexTurnRestrictionsAlgorhitm.pdf>
Package pdftex.def Info: images/OSM2Tramod_diagrams/DuplexTurnRestrictionsAlgor
hitm.pdf  used on input line 237.
(pdftex.def)             Requested size: 386.95749pt x 310.97855pt.
<images/OSM2Tramod_diagrams/TurnOrderTransformation.pdf, id=556, 587.94656pt x 
213.04594pt>
File: images/OSM2Tramod_diagrams/TurnOrderTransformation.pdf Graphic file (type
 pdf)
<use images/OSM2Tramod_diagrams/TurnOrderTransformation.pdf>
Package pdftex.def Info: images/OSM2Tramod_diagrams/TurnOrderTransformation.pdf
  used on input line 246.
(pdftex.def)             Requested size: 388.89417pt x 140.91957pt.

Overfull \hbox (1.93668pt too wide) in paragraph at lines 246--247
 [][] 
 []

[36pdfTeX warning (ext4): destination with the same identifier (name{figure.5.5
}) has been already used, duplicate ignored
<argument> ...shipout:D \box_use:N \l_shipout_box 
                                                  
l.252 
       <./images/OSM2Tramod_diagrams/DuplexTurnRestrictionsAlgorhitm.pdf>]
[37pdfTeX warning (ext4): destination with the same identifier (name{figure.5.6
}) has been already used, duplicate ignored
<argument> ...shipout:D \box_use:N \l_shipout_box 
                                                  
l.261 
       <./images/OSM2Tramod_diagrams/TurnOrderTransformation.pdf>]
Overfull \hbox (44.36792pt too wide) in paragraph at lines 281--282
\T1/lmr/m/n/12 podle n·-sle-du-jÌ-cÌho vzorce [][]5.9[][]. \T1/lmr/bx/n/12 http
s://gist.github.com/onderaltintas/6649521 
 []

[38pdfTeX warning (ext4): destination with the same identifier (name{figure.5.7
}) has been already used, duplicate ignored
<argument> ...shipout:D \box_use:N \l_shipout_box 
                                                  
l.291 
      pdfTeX warning (ext4): destination with the same identifier (name{figure.
5.8}) has been already used, duplicate ignored
<argument> ...shipout:D \box_use:N \l_shipout_box 
                                                  
l.291 
      pdfTeX warning (ext4): destination with the same identifier (name{figure.
5.9}) has been already used, duplicate ignored
<argument> ...shipout:D \box_use:N \l_shipout_box 
                                                  
l.291 
      ]
<images/OSM2Tramod_diagrams/Grid_creation.pdf, id=619, 223.58531pt x 231.11343p
t>
File: images/OSM2Tramod_diagrams/Grid_creation.pdf Graphic file (type pdf)
<use images/OSM2Tramod_diagrams/Grid_creation.pdf>
Package pdftex.def Info: images/OSM2Tramod_diagrams/Grid_creation.pdf  used on 
input line 294.
(pdftex.def)             Requested size: 386.95749pt x 400.02528pt.
 [39pdfTeX warning (ext4): destination with the same identifier (name{figure.5.
10}) has been already used, duplicate ignored
<argument> ...shipout:D \box_use:N \l_shipout_box 
                                                  
l.300 
       <./images/OSM2Tramod_diagrams/Grid_creation.pdf>]
Overfull \hbox (42.76312pt too wide) in paragraph at lines 311--313
\T1/lmr/m/n/12 bod∑ po-ly-gonu. \T1/lmr/bx/n/12 BOURKE - http://paulbourke.net/
geometry/polygonmesh/ 
 []


Overfull \hbox (21.55814pt too wide) in paragraph at lines 329--330
\T1/lmr/bx/n/12 HA-VER-SINE - https://www.movable-type.co.uk/scripts/latlong.ht
ml 
 []

[40pdfTeX warning (ext4): destination with the same identifier (name{figure.5.1
1}) has been already used, duplicate ignored
<argument> ...shipout:D \box_use:N \l_shipout_box 
                                                  
l.339 
      pdfTeX warning (ext4): destination with the same identifier (name{figure.
5.12}) has been already used, duplicate ignored
<argument> ...shipout:D \box_use:N \l_shipout_box 
                                                  
l.339 
      ]) (./tex/implementace.tex [41]
Kapitola 6.
<images/OSM2Tramod_diagrams/OSM2TramodImplementationProcess.pdf, id=646, 490.08
093pt x 603.0028pt>
File: images/OSM2Tramod_diagrams/OSM2TramodImplementationProcess.pdf Graphic fi
le (type pdf)
<use images/OSM2Tramod_diagrams/OSM2TramodImplementationProcess.pdf>
Package pdftex.def Info: images/OSM2Tramod_diagrams/OSM2TramodImplementationPro
cess.pdf  used on input line 7.
(pdftex.def)             Requested size: 386.95749pt x 476.12776pt.
[42

] [43pdfTeX warning (ext4): destination with the same identifier (name{figure.6
.1}) has been already used, duplicate ignored
<argument> ...shipout:D \box_use:N \l_shipout_box 
                                                  
l.31 
      <./images/OSM2Tramod_diagrams/OSM2TramodImplementationProcess.pdf>]
[44]
Overfull \hbox (0.18849pt too wide) in paragraph at lines 60--61
\T1/lmr/m/n/12 Po-kud hod-nota pro-m•nnÈ \T1/lmr/m/it/12 re-verse_cost \T1/lmr/
m/n/12 nenÌ \T1/lmr/m/it/12 1000000.0\T1/lmr/m/n/12 , je hrana obou-sm•rn·
 []

[45]
<images/OSM2Tramod_diagrams/ModifierLines.pdf, id=691, 407.27156pt x 324.46219p
t>
File: images/OSM2Tramod_diagrams/ModifierLines.pdf Graphic file (type pdf)
<use images/OSM2Tramod_diagrams/ModifierLines.pdf>
Package pdftex.def Info: images/OSM2Tramod_diagrams/ModifierLines.pdf  used on 
input line 68.
(pdftex.def)             Requested size: 386.95749pt x 308.29178pt.
 [46pdfTeX warning (ext4): destination with the same identifier (name{figure.6.
2}) has been already used, duplicate ignored
<argument> ...shipout:D \box_use:N \l_shipout_box 
                                                  
l.78 
      <./images/OSM2Tramod_diagrams/ModifierLines.pdf>]
Overfull \hbox (0.20895pt too wide) in paragraph at lines 81--82
\T1/lmr/m/n/12 lidn• mo-di-fi-ko-va-n˝mi z·-kazy m∑∫e ob-sa-ho-vat du-pli-city.
 Tyto du-pli-city mohly
 []

[47]
Overfull \hbox (42.3852pt too wide) in paragraph at lines 100--101
[]\T1/lmr/bx/n/12 https://stackoverflow.com/questions/639695/how-to-convert-lat
itude-
 []

[48] [49] [50]) (./tex/Uzivatelska_prirucka.tex [51]
Kapitola 7.
[52

]
Overfull \hbox (13.27022pt too wide) in paragraph at lines 56--57
\T1/lmr/m/it/12 <OUTPUT_FOLDER>/<AREA_NAME>/Tramod_data\T1/lmr/m/n/12 . Je-jich
 n·-zvy jsou: 
 []


Overfull \hbox (2.13046pt too wide) in paragraph at lines 63--64
[]\T1/lmr/m/it/12 <AREA_NAME>_Tramod_Turn_Restrictions.sql \T1/lmr/m/n/12 - sou
-bor s daty za-
 []

[53]) (./tex/vysledky.tex [54]
Kapitola 8.

Overfull \hbox (4.55122pt too wide) in paragraph at lines 7--8
\T1/lmr/m/n/12 Po£et p∑-vod-nÌch z·-znam∑ v sou-boru s daty OSM zÌs-ka-nÈho z p
or-t·lu [][]$\T1/lmtt/m/n/12 bbbike .
 []

[55

]
Overfull \hbox (4.55122pt too wide) in paragraph at lines 47--48
\T1/lmr/m/n/12 Po£et p∑-vod-nÌch z·-znam∑ v sou-boru s daty OSM zÌs-ka-nÈho z p
or-t·lu [][]$\T1/lmtt/m/n/12 bbbike .
 []

[56]
<images/turn_restriction_map.png, id=812, 523.9575pt x 395.4775pt>
File: images/turn_restriction_map.png Graphic file (type png)
<use images/turn_restriction_map.png>
Package pdftex.def Info: images/turn_restriction_map.png  used on input line 92
.
(pdftex.def)             Requested size: 386.95749pt x 292.08153pt.
<images/turn_restriction_osm2po.png, id=814, 1624.0675pt x 973.6375pt>
File: images/turn_restriction_osm2po.png Graphic file (type png)
<use images/turn_restriction_osm2po.png>
Package pdftex.def Info: images/turn_restriction_osm2po.png  used on input line
 100.
(pdftex.def)             Requested size: 509.87532pt x 305.67233pt.
<images/turn_restriction_tramod.png, id=818, 1624.0675pt x 973.6375pt>
File: images/turn_restriction_tramod.png Graphic file (type png)
<use images/turn_restriction_tramod.png>
Package pdftex.def Info: images/turn_restriction_tramod.png  used on input line
 133.
(pdftex.def)             Requested size: 509.87532pt x 305.67233pt.
 [57] [58pdfTeX warning (ext4): destination with the same identifier (name{figu
re.8.1}) has been already used, duplicate ignored
<argument> ...shipout:D \box_use:N \l_shipout_box 
                                                  
l.141 \chapter
              {Diskuze}pdfTeX warning (ext4): destination with the same identif
ier (name{table.8.1}) has been already used, duplicate ignored
<argument> ...shipout:D \box_use:N \l_shipout_box 
                                                  
l.141 \chapter
              {Diskuze} <./images/turn_restriction_map.png>] [59pdfTeX warning 
(ext4): destination with the same identifier (name{figure.8.2}) has been alread
y used, duplicate ignored
<argument> ...shipout:D \box_use:N \l_shipout_box 
                                                  
l.141 \chapter
              {Diskuze} <./images/turn_restriction_osm2po.png>] [60pdfTeX warni
ng (ext4): destination with the same identifier (name{figure.8.3}) has been alr
eady used, duplicate ignored
<argument> ...shipout:D \box_use:N \l_shipout_box 
                                                  
l.141 \chapter
              {Diskuze} <./images/turn_restriction_tramod.png>]
Kapitola 9.
[61

]) (./tex/zaver.tex [62]
Kapitola 10.

Overfull \hbox (1.56725pt too wide) in paragraph at lines 7--8
[]\T1/lmr/m/n/12 Vytvo∞en˝ n·-stroj do-k·∫e p∞e-vÈst data Open-StreetMap li-bo-
vol-nÈho ˙zemÌ
 []

) (./DP.bbl [63

]

Package natbib Warning: Empty `thebibliography' environment on input line 8.

) [64

]

LaTeX3 Info: Redefining command \BeforeClosingMainAux with sig. 'm' on line
(LaTeX3)     127.

 (./DP.aux)

Package rerunfilecheck Warning: File `DP.out' has changed.
(rerunfilecheck)                Rerun to get outlines right
(rerunfilecheck)                or use package `bookmark'.

Package rerunfilecheck Info: Checksums for `DP.out':
(rerunfilecheck)             Before: EA1E092EBBDCF8EDF6BB953D1FCAA1CA;7343
(rerunfilecheck)             After:  E75E05753E75DF404D7C38EF4169E8DF;7338.
 ) 
Here is how much of TeX's memory you used:
 15330 strings out of 478994
 237270 string characters out of 5858184
 590158 words of memory out of 5000000
 32242 multiletter control sequences out of 15000+600000
 459996 words of font info for 60 fonts, out of 8000000 for 9000
 1141 hyphenation exceptions out of 8191
 97i,9n,102p,1996b,994s stack positions out of 5000i,500n,10000p,200000b,80000s
pdfTeX warning (dest): name{subsection.8.0.1} has been referenced but does no
t exist, replaced by a fixed one

{/usr/local/texlive/2021/texmf-dist/fonts/enc/dvips/lm/lm-mathex.enc}{/usr/loca
l/texlive/2021/texmf-dist/fonts/enc/dvips/lm/lm-rm.enc}{/usr/local/texlive/2021
/texmf-dist/fonts/enc/dvips/lm/lm-mathit.enc}{/usr/local/texlive/2021/texmf-dis
t/fonts/enc/dvips/lm/lm-mathsy.enc}{/usr/local/texlive/2021/texmf-dist/fonts/en
c/dvips/lm/lm-ec.enc}{/usr/local/texlive/2021/texmf-dist/fonts/enc/dvips/lm/lm-
ts1.enc}</usr/local/texlive/2021/texmf-dist/fonts/type1/public/lm/lmbx12.pfb></
usr/local/texlive/2021/texmf-dist/fonts/type1/public/lm/lmex10.pfb></usr/local/
texlive/2021/texmf-dist/fonts/type1/public/lm/lmmi12.pfb></usr/local/texlive/20
21/texmf-dist/fonts/type1/public/lm/lmmi8.pfb></usr/local/texlive/2021/texmf-di
st/fonts/type1/public/lm/lmr12.pfb></usr/local/texlive/2021/texmf-dist/fonts/ty
pe1/public/lm/lmr17.pfb></usr/local/texlive/2021/texmf-dist/fonts/type1/public/
lm/lmr8.pfb></usr/local/texlive/2021/texmf-dist/fonts/type1/public/lm/lmri12.pf
b></usr/local/texlive/2021/texmf-dist/fonts/type1/public/lm/lmsy10.pfb></usr/lo
cal/texlive/2021/texmf-dist/fonts/type1/public/lm/lmsy8.pfb></usr/local/texlive
/2021/texmf-dist/fonts/type1/public/lm/lmtt12.pfb>
Output written on DP.pdf (71 pages, 1451454 bytes).
PDF statistics:
 970 PDF objects out of 1000 (max. 8388607)
 823 compressed objects within 9 object streams
 231 named destinations out of 1000 (max. 500000)
 475 words of extra memory for PDF output out of 10000 (max. 10000000)

