\BOOKMARK [0][]{chapter.1}{\376\377\000\332\000v\000o\000d}{}% 1
\BOOKMARK [0][]{chapter.2}{\376\377\000G\000e\000o\000g\000r\000a\000f\000i\000c\000k\000\341\000\040\000d\000a\000t\000a\000\040\000v\000y\000u\001\176\000\355\000v\000a\000n\000\341\000\040\000v\000\040\000p\000r\000\341\000c\000i}{}% 2
\BOOKMARK [1][]{section.2.1}{\376\377\000D\000e\000f\000i\000n\000i\000c\000e}{chapter.2}% 3
\BOOKMARK [1][]{section.2.2}{\376\377\000R\000e\000p\000r\000e\000z\000e\000n\000t\000a\000c\000e\000\040\000g\000e\000o\000d\000a\000t}{chapter.2}% 4
\BOOKMARK [2][]{subsection.2.2.1}{\376\377\000R\000e\000p\000r\000e\000z\000e\000n\000t\000a\000c\000e\000\040\000p\000o\000m\000o\000c\000\355\000\040\000v\000e\000k\000t\000o\000r\001\157}{section.2.2}% 5
\BOOKMARK [2][]{subsection.2.2.2}{\376\377\000S\000t\000r\000u\000k\000t\000u\000r\000y\000\040\000v\000e\000k\000t\000o\000r\000o\000v\000\375\000c\000h\000\040\000d\000a\000t\000o\000v\000\375\000c\000h\000\040\000m\000o\000d\000e\000l\001\157}{section.2.2}% 6
\BOOKMARK [1][]{section.2.3}{\376\377\000S\000o\000u\001\131\000a\000d\000n\000i\000c\000o\000v\000\351\000\040\000s\000y\000s\000t\000\351\000m\000y}{chapter.2}% 7
\BOOKMARK [1][]{section.2.4}{\376\377\000G\000e\000o\000g\000r\000a\000f\000i\000c\000k\000\351\000\040\000i\000n\000f\000o\000r\000m\000a\001\015\000n\000\355\000\040\000s\000y\000s\000t\000\351\000m\000y}{chapter.2}% 8
\BOOKMARK [0][]{chapter.3}{\376\377\000P\000r\000i\000n\000c\000i\000p\000y\000\040\000E\000T\000L}{}% 9
\BOOKMARK [1][]{section.3.1}{\376\377\000E\000x\000t\000r\000a\000k\000c\000e\000\040\000d\000a\000t}{chapter.3}% 10
\BOOKMARK [1][]{section.3.2}{\376\377\000T\000r\000a\000n\000s\000f\000o\000r\000m\000a\000c\000e\000\040\000d\000a\000t}{chapter.3}% 11
\BOOKMARK [1][]{section.3.3}{\376\377\000Z\000\341\000p\000i\000s\000\040\000d\000a\000t}{chapter.3}% 12
\BOOKMARK [1][]{section.3.4}{\376\377\000E\000T\000L\000\040\000n\000\341\000s\000t\000r\000o\000j\000e\000\040\000p\000r\000o\000\040\000z\000p\000r\000a\000c\000o\000v\000\341\000n\000\355\000\040\000g\000e\000o\000g\000r\000a\000f\000i\000c\000k\000\375\000c\000h\000\040\000d\000a\000t}{chapter.3}% 13
\BOOKMARK [2][]{subsection.3.4.1}{\376\377\000I\000N\000S\000P\000I\000R\000E}{section.3.4}% 14
\BOOKMARK [2][]{subsection.3.4.2}{\376\377\000H\000a\000r\000m\000o\000n\000i\000z\000a\000c\000e\000\040\000d\000a\000t}{section.3.4}% 15
\BOOKMARK [0][]{chapter.4}{\376\377\000D\000a\000t\000o\000v\000\351\000\040\000s\000t\000r\000u\000k\000t\000u\000r\000y\000\040\000z\000d\000r\000o\000j\000o\000v\000\351\000h\000o\000\040\000a\000\040\000c\000\355\000l\000o\000v\000\351\000h\000o\000\040\000n\000\341\000s\000t\000r\000o\000j\000e}{}% 16
\BOOKMARK [1][]{section.4.1}{\376\377\000T\000r\000a\000f\000f\000i\000c\000\040\000M\000o\000d\000e\000l\000l\000e\000r}{chapter.4}% 17
\BOOKMARK [2][]{subsection.4.1.1}{\376\377\000D\000a\000t\000o\000v\000\341\000\040\000s\000t\000r\000u\000k\000t\000u\000r\000a}{section.4.1}% 18
\BOOKMARK [1][]{section.4.2}{\376\377\000O\000p\000e\000n\000S\000t\000r\000e\000e\000t\000M\000a\000p}{chapter.4}% 19
\BOOKMARK [2][]{subsection.4.2.1}{\376\377\000E\000x\000p\000o\000r\000t\000\040\000d\000a\000t}{section.4.2}% 20
\BOOKMARK [2][]{subsection.4.2.2}{\376\377\000D\000a\000t\000o\000v\000\341\000\040\000s\000t\000r\000u\000k\000t\000u\000r\000a}{section.4.2}% 21
\BOOKMARK [0][]{chapter.5}{\376\377\000N\000\341\000v\000r\000h\000\040\000n\000\341\000s\000t\000r\000o\000j\000e\000\040\000O\000S\000M\0002\000T\000r\000a\000M\000o\000d}{}% 22
\BOOKMARK [1][]{section.5.1}{\376\377\000V\000y\000u\001\176\000i\000t\000\355\000\040\000e\000x\000t\000e\000r\000n\000\355\000c\000h\000\040\000m\000o\000d\000u\000l\001\157}{chapter.5}% 23
\BOOKMARK [2][]{subsection.5.1.1}{\376\377\000S\000i\000l\000n\000i\001\015\000n\000\355\000\040\000s\000\355\001\145}{section.5.1}% 24
\BOOKMARK [2][]{subsection.5.1.2}{\376\377\000G\000e\000n\000e\000r\000\341\000t\000o\000r\000y\000\040\000d\000o\000p\000r\000a\000v\000y}{section.5.1}% 25
\BOOKMARK [1][]{section.5.2}{\376\377\000N\000\341\000v\000r\000h\000\040\000v\000l\000a\000s\000t\000n\000\355\000h\000o\000\040\000n\000\341\000s\000t\000r\000o\000j\000e}{chapter.5}% 26
\BOOKMARK [2][]{subsection.5.2.1}{\376\377\000P\000r\000o\000c\000e\000s\000\040\000k\000o\000n\000v\000e\000r\000z\000e}{section.5.2}% 27
\BOOKMARK [2][]{subsection.5.2.2}{\376\377\000D\000o\000c\000k\000e\000r}{section.5.2}% 28
\BOOKMARK [2][]{subsection.5.2.3}{\376\377\000T\000r\000a\000n\000s\000f\000o\000r\000m\000a\000c\000e}{section.5.2}% 29
\BOOKMARK [1][]{section.5.3}{\376\377\000N\000\341\000v\000r\000h\000\040\000z\000p\001\033\000t\000n\000\351\000h\000o\000\040\000a\000l\000g\000o\000r\000i\000t\000m\000u}{chapter.5}% 30
\BOOKMARK [0][]{chapter.6}{\376\377\000I\000m\000p\000l\000e\000m\000e\000n\000t\000a\000c\000e}{}% 31
\BOOKMARK [1][]{section.6.1}{\376\377\000I\000m\000p\000o\000r\000t\000\040\000d\000a\000t}{chapter.6}% 32
\BOOKMARK [2][]{subsection.6.1.1}{\376\377\000I\000m\000p\000o\000r\000t\000\040\000d\000o\000p\000r\000a\000v\000n\000\355\000\040\000s\000\355\000t\001\033}{section.6.1}% 33
\BOOKMARK [2][]{subsection.6.1.2}{\376\377\000I\000m\000p\000o\000r\000t\000\040\000z\000\341\000z\000n\000a\000m\001\157\000\040\000b\000u\000d\000o\000v}{section.6.1}% 34
\BOOKMARK [1][]{section.6.2}{\376\377\000T\000r\000a\000n\000s\000f\000o\000r\000m\000a\000c\000e}{chapter.6}% 35
\BOOKMARK [2][]{subsection.6.2.1}{\376\377\000O\000b\000o\000u\000s\000m\001\033\000r\000n\000\351\000\040\000h\000r\000a\000n\000y}{section.6.2}% 36
\BOOKMARK [2][]{subsection.6.2.2}{\376\377\000Z\000a\000k\000\341\000z\000a\000n\000\351\000\040\000s\000m\001\033\000r\000y}{section.6.2}% 37
\BOOKMARK [2][]{subsection.6.2.3}{\376\377\000V\000\375\000p\000o\001\015\000e\000t\000\040\000g\000e\000n\000e\000r\000\341\000t\000o\000r\001\157\000\040\000d\000o\000p\000r\000a\000v\000y}{section.6.2}% 38
\BOOKMARK [1][]{section.6.3}{\376\377\000E\000x\000p\000o\000r\000t\000\040\000d\000a\000t}{chapter.6}% 39
\BOOKMARK [1][]{section.6.4}{\376\377\000D\000o\000c\000k\000e\000r}{chapter.6}% 40
\BOOKMARK [0][]{chapter.7}{\376\377\000U\001\176\000i\000v\000a\000t\000e\000l\000s\000k\000\341\000\040\000p\001\131\000\355\000r\000u\001\015\000k\000a}{}% 41
\BOOKMARK [1][]{section.7.1}{\376\377\000S\000t\000a\001\176\000e\000n\000\355\000\040\000d\000a\000t}{chapter.7}% 42
\BOOKMARK [1][]{section.7.2}{\376\377\000S\000p\000u\001\141\000t\001\033\000n\000\355\000\040\000O\000S\000M\0002\000T\000r\000a\000M\000o\000d}{chapter.7}% 43
\BOOKMARK [1][]{section.7.3}{\376\377\000I\000m\000p\000o\000r\000t\000\040\000d\000a\000t\000\040\000d\000o\000\040\000n\000\341\000s\000t\000r\000o\000j\000e\000\040\000T\000r\000a\000M\000o\000d}{chapter.7}% 44
\BOOKMARK [0][]{chapter.8}{\376\377\000D\000o\000s\000a\001\176\000e\000n\000\351\000\040\000v\000\375\000s\000l\000e\000d\000k\000y}{}% 45
\BOOKMARK [1][]{section.8.1}{\376\377\000D\001\157\000k\000a\000z\000\040\000f\000u\000n\000k\000c\000i\000o\000n\000a\000l\000i\000t\000y}{chapter.8}% 46
\BOOKMARK [0][]{chapter.9}{\376\377\000D\000i\000s\000k\000u\000z\000e}{}% 47
\BOOKMARK [0][]{chapter.10}{\376\377\000Z\000\341\000v\001\033\000r}{}% 48
\BOOKMARK [0][]{chapter*.35}{\376\377\000L\000i\000t\000e\000r\000a\000t\000u\000r\000a}{}% 49
